info it worked if it ends with ok
verbose cli [ 'node',
verbose cli   '/home/stevem/local/bin/npm',
verbose cli   'version',
verbose cli   '0.1.0' ]
info using npm@1.0.101
info using node@v0.4.12
verbose config file /home/stevem/.npmrc
verbose config file /home/stevem/local/etc/npmrc
verbose config file /home/stevem/local/lib/node_modules/npm/npmrc
silly testEngine { name: 'Serverus',
silly testEngine   description: 'Git branch server',
silly testEngine   version: '0.1.0',
silly testEngine   repository: 
silly testEngine    { type: 'git',
silly testEngine      url: 'git://github.com/BrandwatchLtd/serverus.git' },
silly testEngine   author: 
silly testEngine    { name: 'Steve Mason',
silly testEngine      email: 'stevem@brandwatch.com' },
silly testEngine   main: 'serverus',
silly testEngine   bin: { Serverus: './serverus' },
silly testEngine   directories: { lib: '.' },
silly testEngine   scripts: { test: 'expresso', start: 'node server.js' },
silly testEngine   engines: { node: '>=0.4.0' },
silly testEngine   dependencies: 
silly testEngine    { underscore: '1.2.0',
silly testEngine      rimraf: '1.0.8',
silly testEngine      'http-proxy': '0.7.3',
silly testEngine      cli: '0.3.8',
silly testEngine      connect: '>1.7' },
silly testEngine   _id: 'Serverus@0.1.0',
silly testEngine   devDependencies: {},
silly testEngine   _engineSupported: true,
silly testEngine   _npmVersion: '1.0.101',
silly testEngine   _nodeVersion: 'v0.4.12',
silly testEngine   _defaultsLoaded: true }
verbose caching /home/stevem/Development/serverus/package.json
verbose loadDefaults Serverus@0.1.0
ERR! Error: Version not changed
ERR!     at /home/stevem/local/lib/node_modules/npm/lib/version.js:29:44
ERR!     at /home/stevem/local/lib/node_modules/npm/lib/utils/load-package-defaults.js:27:23
ERR!     at cb (/home/stevem/local/lib/node_modules/npm/node_modules/slide/lib/async-map.js:48:11)
ERR!     at /home/stevem/local/lib/node_modules/npm/lib/utils/load-package-defaults.js:40:31
ERR!     at /home/stevem/local/lib/node_modules/npm/node_modules/slide/lib/async-map.js:54:35
ERR!     at Array.forEach (native)
ERR!     at /home/stevem/local/lib/node_modules/npm/node_modules/slide/lib/async-map.js:54:11
ERR!     at Array.forEach (native)
ERR!     at asyncMap (/home/stevem/local/lib/node_modules/npm/node_modules/slide/lib/async-map.js:53:8)
ERR!     at loadPackageDefaults (/home/stevem/local/lib/node_modules/npm/lib/utils/load-package-defaults.js:22:3)
ERR! Report this *entire* log at:
ERR!     <http://github.com/isaacs/npm/issues>
ERR! or email it to:
ERR!     <npm-@googlegroups.com>
ERR! 
ERR! System Linux 2.6.32-32-generic
ERR! command "node" "/home/stevem/local/bin/npm" "version" "0.1.0"
ERR! cwd /home/stevem/Development/serverus
ERR! node -v v0.4.12
ERR! npm -v 1.0.101
verbose exit [ 1, true ]
